<?xml version="1.0" encoding="UTF-8"?>
<testsuite xmlns:xsi="http://www.w3.org/2001/XMLSchema-instance" xsi:noNamespaceSchemaLocation="https://maven.apache.org/surefire/maven-surefire-plugin/xsd/surefire-test-report.xsd" name="com.santandar.market.dynamodb.repositories.InstrumentRepositoryTest" time="2.75" tests="1" errors="1" skipped="0" failures="0">
  <properties>
[...]
</properties>
  <testcase name="givenItemWithExpectedCost_whenRunFindAll_thenItemIsFound" classname="com.santandar.market.dynamodb.repositories.InstrumentRepositoryTest" time="0.688">
    <error message="Instrument[update]; could not unconvert attribute" type="com.amazonaws.services.dynamodbv2.datamodeling.DynamoDBMappingException">com.amazonaws.services.dynamodbv2.datamodeling.DynamoDBMappingException: Instrument[update]; could not unconvert attribute
	at com.santandar.market.dynamodb.repositories.InstrumentRepositoryTest.givenItemWithExpectedCost_whenRunFindAll_thenItemIsFound(InstrumentRepositoryTest.java:63)
Caused by: com.amazonaws.services.dynamodbv2.datamodeling.DynamoDBMappingException: could not invoke null on class com.santandar.market.dynamodb.entities.Instrument with value Wed Jan 01 00:01:01 CET 2020 of type class java.util.Date
	at com.santandar.market.dynamodb.repositories.InstrumentRepositoryTest.givenItemWithExpectedCost_whenRunFindAll_thenItemIsFound(InstrumentRepositoryTest.java:63)
Caused by: java.lang.NullPointerException
	at com.santandar.market.dynamodb.repositories.InstrumentRepositoryTest.givenItemWithExpectedCost_whenRunFindAll_thenItemIsFound(InstrumentRepositoryTest.java:63)
</error>
    <system-out><![CDATA[01:07:00.200 [main] DEBUG org.springframework.test.context.BootstrapUtils - Instantiating CacheAwareContextLoaderDelegate from class [org.springframework.test.context.cache.DefaultCacheAwareContextLoaderDelegate]
01:07:00.206 [main] DEBUG org.springframework.test.context.BootstrapUtils - Instantiating BootstrapContext using constructor [public org.springframework.test.context.support.DefaultBootstrapContext(java.lang.Class,org.springframework.test.context.CacheAwareContextLoaderDelegate)]
01:07:00.225 [main] DEBUG org.springframework.test.context.BootstrapUtils - Instantiating TestContextBootstrapper for test class [com.santandar.market.dynamodb.repositories.InstrumentRepositoryTest] from class [org.springframework.boot.test.context.SpringBootTestContextBootstrapper]
01:07:00.234 [main] INFO org.springframework.boot.test.context.SpringBootTestContextBootstrapper - Neither @ContextConfiguration nor @ContextHierarchy found for test class [com.santandar.market.dynamodb.repositories.InstrumentRepositoryTest], using SpringBootContextLoader
01:07:00.236 [main] DEBUG org.springframework.test.context.support.AbstractContextLoader - Did not detect default resource location for test class [com.santandar.market.dynamodb.repositories.InstrumentRepositoryTest]: class path resource [com/santandar/market/dynamodb/repositories/InstrumentRepositoryTest-context.xml] does not exist
01:07:00.237 [main] DEBUG org.springframework.test.context.support.AbstractContextLoader - Did not detect default resource location for test class [com.santandar.market.dynamodb.repositories.InstrumentRepositoryTest]: class path resource [com/santandar/market/dynamodb/repositories/InstrumentRepositoryTestContext.groovy] does not exist
01:07:00.237 [main] INFO org.springframework.test.context.support.AbstractContextLoader - Could not detect default resource locations for test class [com.santandar.market.dynamodb.repositories.InstrumentRepositoryTest]: no resource found for suffixes {-context.xml, Context.groovy}.
01:07:00.237 [main] INFO org.springframework.test.context.support.AnnotationConfigContextLoaderUtils - Could not detect default configuration classes for test class [com.santandar.market.dynamodb.repositories.InstrumentRepositoryTest]: InstrumentRepositoryTest does not declare any static, non-private, non-final, nested classes annotated with @Configuration.
01:07:00.307 [main] DEBUG org.springframework.context.annotation.ClassPathScanningCandidateComponentProvider - Identified candidate component class: file [C:\Users\Kamna\IdeaProjects\MarketPriceHandler\target\classes\com\santandar\market\MarketApplication.class]
01:07:00.308 [main] INFO org.springframework.boot.test.context.SpringBootTestContextBootstrapper - Found @SpringBootConfiguration com.santandar.market.MarketApplication for test class com.santandar.market.dynamodb.repositories.InstrumentRepositoryTest
01:07:00.371 [main] DEBUG org.springframework.boot.test.context.SpringBootTestContextBootstrapper - @TestExecutionListeners is not present for class [com.santandar.market.dynamodb.repositories.InstrumentRepositoryTest]: using defaults.
01:07:00.371 [main] INFO org.springframework.boot.test.context.SpringBootTestContextBootstrapper - Loaded default TestExecutionListener class names from location [META-INF/spring.factories]: [org.springframework.boot.test.mock.mockito.MockitoTestExecutionListener, org.springframework.boot.test.mock.mockito.ResetMocksTestExecutionListener, org.springframework.boot.test.autoconfigure.restdocs.RestDocsTestExecutionListener, org.springframework.boot.test.autoconfigure.web.client.MockRestServiceServerResetTestExecutionListener, org.springframework.boot.test.autoconfigure.web.servlet.MockMvcPrintOnlyOnFailureTestExecutionListener, org.springframework.boot.test.autoconfigure.web.servlet.WebDriverTestExecutionListener, org.springframework.boot.test.autoconfigure.webservices.client.MockWebServiceServerTestExecutionListener, org.springframework.test.context.web.ServletTestExecutionListener, org.springframework.test.context.support.DirtiesContextBeforeModesTestExecutionListener, org.springframework.test.context.support.DependencyInjectionTestExecutionListener, org.springframework.test.context.support.DirtiesContextTestExecutionListener, org.springframework.test.context.transaction.TransactionalTestExecutionListener, org.springframework.test.context.jdbc.SqlScriptsTestExecutionListener, org.springframework.test.context.event.EventPublishingTestExecutionListener]
01:07:00.381 [main] INFO org.springframework.boot.test.context.SpringBootTestContextBootstrapper - Using TestExecutionListeners: [org.springframework.test.context.web.ServletTestExecutionListener@764faa6, org.springframework.test.context.support.DirtiesContextBeforeModesTestExecutionListener@4c1f22f3, org.springframework.boot.test.mock.mockito.MockitoTestExecutionListener@598bd2ba, org.springframework.boot.test.autoconfigure.SpringBootDependencyInjectionTestExecutionListener@5a755cc1, org.springframework.test.context.support.DirtiesContextTestExecutionListener@7ae42ce3, org.springframework.test.context.transaction.TransactionalTestExecutionListener@4f5991f6, org.springframework.test.context.jdbc.SqlScriptsTestExecutionListener@484094a5, org.springframework.test.context.event.EventPublishingTestExecutionListener@38234a38, org.springframework.boot.test.mock.mockito.ResetMocksTestExecutionListener@63fbfaeb, org.springframework.boot.test.autoconfigure.restdocs.RestDocsTestExecutionListener@602e0143, org.springframework.boot.test.autoconfigure.web.client.MockRestServiceServerResetTestExecutionListener@2c07545f, org.springframework.boot.test.autoconfigure.web.servlet.MockMvcPrintOnlyOnFailureTestExecutionListener@e57b96d, org.springframework.boot.test.autoconfigure.web.servlet.WebDriverTestExecutionListener@32c726ee, org.springframework.boot.test.autoconfigure.webservices.client.MockWebServiceServerTestExecutionListener@22f31dec]
01:07:00.383 [main] DEBUG org.springframework.test.context.support.AbstractDirtiesContextTestExecutionListener - Before test class: context [DefaultTestContext@64a40280 testClass = InstrumentRepositoryTest, testInstance = [null], testMethod = [null], testException = [null], mergedContextConfiguration = [WebMergedContextConfiguration@4b40f651 testClass = InstrumentRepositoryTest, locations = '{}', classes = '{class com.santandar.market.MarketApplication}', contextInitializerClasses = '[]', activeProfiles = '{local}', propertySourceLocations = '{}', propertySourceProperties = '{amazon.dynamodb.endpoint=http://localhost:8000/, amazon.aws.accesskey=test1, amazon.aws.secretkey=test231, org.springframework.boot.test.context.SpringBootTestContextBootstrapper=true}', contextCustomizers = set[org.springframework.boot.test.context.filter.ExcludeFilterContextCustomizer@193f604a, org.springframework.boot.test.json.DuplicateJsonObjectContextCustomizerFactory$DuplicateJsonObjectContextCustomizer@6bedbc4d, org.springframework.boot.test.mock.mockito.MockitoContextCustomizer@0, org.springframework.boot.test.web.client.TestRestTemplateContextCustomizer@14555e0a, org.springframework.boot.test.autoconfigure.properties.PropertyMappingContextCustomizer@0, org.springframework.boot.test.autoconfigure.web.servlet.WebDriverContextCustomizerFactory$Customizer@32ee6fee, org.springframework.boot.test.context.SpringBootTestArgs@1], resourceBasePath = 'src/main/webapp', contextLoader = 'org.springframework.boot.test.context.SpringBootContextLoader', parent = [null]], attributes = map['org.springframework.test.context.web.ServletTestExecutionListener.activateListener' -> true]], class annotated with @DirtiesContext [false] with mode [null].
01:07:00.402 [main] DEBUG org.springframework.core.env.StandardEnvironment - Activating profiles [local]
01:07:00.404 [main] DEBUG org.springframework.test.context.support.TestPropertySourceUtils - Adding inlined properties to environment: {spring.jmx.enabled=false, amazon.dynamodb.endpoint=http://localhost:8000/, amazon.aws.accesskey=test1, amazon.aws.secretkey=test231, org.springframework.boot.test.context.SpringBootTestContextBootstrapper=true}

  .   ____          _            __ _ _
 /\\ / ___'_ __ _ _(_)_ __  __ _ \ \ \ \
( ( )\___ | '_ | '_| | '_ \/ _` | \ \ \ \
 \\/  ___)| |_)| | | | | || (_| |  ) ) ) )
  '  |____| .__|_| |_|_| |_\__, | / / / /
 =========|_|==============|___/=/_/_/_/
 :: Spring Boot ::        (v2.3.1.RELEASE)

2022-12-31 01:07:00.662  INFO 15272 --- [           main] c.s.m.d.r.InstrumentRepositoryTest       : Starting InstrumentRepositoryTest on KAMNA-NB with PID 15272 (started by Kamna in C:\Users\Kamna\IdeaProjects\MarketPriceHandler)
2022-12-31 01:07:00.663  INFO 15272 --- [           main] c.s.m.d.r.InstrumentRepositoryTest       : The following profiles are active: local
2022-12-31 01:07:01.046  INFO 15272 --- [           main] .s.d.r.c.RepositoryConfigurationDelegate : Bootstrapping Spring Data DynamoDB repositories in DEFAULT mode.
2022-12-31 01:07:01.146  INFO 15272 --- [           main] .s.d.r.c.RepositoryConfigurationDelegate : Finished Spring Data repository scanning in 93ms. Found 2 DynamoDB repository interfaces.
2022-12-31 01:07:01.326  INFO 15272 --- [           main] trationDelegate$BeanPostProcessorChecker : Bean 'dynamoDBConfig' of type [com.santandar.market.configuration.DynamoDBConfig$$EnhancerBySpringCGLIB$$f50ff938] is not eligible for getting processed by all BeanPostProcessors (for example: not eligible for auto-proxying)
2022-12-31 01:07:01.388  INFO 15272 --- [           main] trationDelegate$BeanPostProcessorChecker : Bean 'amazonAWSCredentials' of type [com.amazonaws.auth.BasicAWSCredentials] is not eligible for getting processed by all BeanPostProcessors (for example: not eligible for auto-proxying)
2022-12-31 01:07:01.768  INFO 15272 --- [           main] trationDelegate$BeanPostProcessorChecker : Bean 'amazonDynamoDB' of type [com.amazonaws.services.dynamodbv2.AmazonDynamoDBClient] is not eligible for getting processed by all BeanPostProcessors (for example: not eligible for auto-proxying)
2022-12-31 01:07:01.783  INFO 15272 --- [           main] trationDelegate$BeanPostProcessorChecker : Bean 'dynamoDB-DynamoDBMapperConfig' of type [com.amazonaws.services.dynamodbv2.datamodeling.DynamoDBMapperConfig] is not eligible for getting processed by all BeanPostProcessors (for example: not eligible for auto-proxying)
2022-12-31 01:07:01.853  INFO 15272 --- [           main] o.s.s.d.d.r.s.DynamoDBRepositoryFactory  : Spring Data DynamoDB Version: 5.1.0 (2.1)
2022-12-31 01:07:01.853  INFO 15272 --- [           main] o.s.s.d.d.r.s.DynamoDBRepositoryFactory  : Spring Data Version:          2.1.16.RELEASE
2022-12-31 01:07:01.853  INFO 15272 --- [           main] o.s.s.d.d.r.s.DynamoDBRepositoryFactory  : AWS SDK Version:              1.11.415
2022-12-31 01:07:01.853  INFO 15272 --- [           main] o.s.s.d.d.r.s.DynamoDBRepositoryFactory  : Java Version:                 11.0.6 - OpenJDK 64-Bit Server VM 11.0.6+8-b520.66
2022-12-31 01:07:01.853  INFO 15272 --- [           main] o.s.s.d.d.r.s.DynamoDBRepositoryFactory  : Platform Details:             Windows 10 10.0
2022-12-31 01:07:02.211  INFO 15272 --- [           main] d.d.r.u.Entity2DynamoDBTableSynchronizer : Checking repository classes with DynamoDB tables Instrument, Instrument for ContextRefreshedEvent
2022-12-31 01:07:02.213  INFO 15272 --- [           main] c.s.m.d.r.InstrumentRepositoryTest       : Started InstrumentRepositoryTest in 1.804 seconds (JVM running for 2.532)
Initializing DynamoDB Local with the following configuration:
Port:	8000
InMemory:	true
DbPath:	null
SharedDb:	false
shouldDelayTransientStatuses:	false
CorsParams:	*

]]></system-out>
    <system-err><![CDATA[2022-12-31 01:07:02.394:INFO::main: Logging initialized @2713ms to org.eclipse.jetty.util.log.StdErrLog
]]></system-err>
  </testcase>
</testsuite>